2014-03-25 10:00:45,679 [http-10080-8] INFO  com.souche.search.query.SoucheSearchServiceImpl - search query for car_require: -USER_STRS:13811362999 AND SALEPRICE_L:([225000 TO 308000]) AND YEAR_I:([0 TO 10000]) AND BRAND_LEVEL_STR:luxury
2014-03-25 10:00:45,695 [http-10080-8] INFO  com.souche.search.query.SoucheSearchServiceImpl - search query for car_require: -USER_STRS:13811362999 AND SALEPRICE_L:([225000 TO 308000]) AND YEAR_I:([0 TO 10000]) AND BRAND_LEVEL_STR:luxury
2014-03-25 10:00:46,210 [http-10080-8] INFO  com.souche.search.SolrServerFactory - server car_require loaded
2014-03-25 10:01:25,704 [http-10080-8] INFO  com.souche.search.query.SoucheSearchServiceImpl - search query for car_require: -USER_STRS:13811362999 AND SALEPRICE_L:([225000 TO 308000]) AND YEAR_I:([0 TO 10000]) AND BRAND_LEVEL_STR:luxury
2014-03-25 10:01:25,704 [http-10080-8] INFO  com.souche.search.query.SoucheSearchServiceImpl - search query for car_require: -USER_STRS:13811362999 AND SALEPRICE_L:([225000 TO 308000]) AND YEAR_I:([0 TO 10000]) AND BRAND_LEVEL_STR:luxury
2014-03-25 10:01:29,782 [http-10080-8] INFO  com.souche.search.query.SoucheSearchServiceImpl - search query for car_require: -USER_STRS:13811362999 AND SALEPRICE_L:([225000 TO 308000]) AND YEAR_I:([0 TO 10000]) AND BRAND_LEVEL_STR:luxury
2014-03-25 10:01:29,847 [http-10080-8] INFO  com.souche.search.query.SoucheSearchServiceImpl - search query for car_require: -USER_STRS:13811362999 AND SALEPRICE_L:([225000 TO 308000]) AND YEAR_I:([0 TO 10000]) AND BRAND_LEVEL_STR:luxury
2014-03-25 10:01:34,093 [http-10080-8] INFO  com.souche.search.query.SoucheSearchServiceImpl - search query for car_require: -USER_STRS:13811362999 AND SALEPRICE_L:([225000 TO 308000]) AND YEAR_I:([0 TO 10000]) AND BRAND_LEVEL_STR:luxury
2014-03-25 10:01:34,093 [http-10080-8] INFO  com.souche.search.query.SoucheSearchServiceImpl - search query for car_require: -USER_STRS:13811362999 AND SALEPRICE_L:([225000 TO 308000]) AND YEAR_I:([0 TO 10000]) AND BRAND_LEVEL_STR:luxury
2014-03-25 10:01:46,179 [http-10080-8] INFO  com.souche.search.query.SoucheSearchServiceImpl - search query for car_require: -USER_STRS:13811362999 AND SALEPRICE_L:([225000 TO 308000]) AND YEAR_I:([0 TO 10000]) AND BRAND_LEVEL_STR:luxury
2014-03-25 10:01:46,179 [http-10080-8] INFO  com.souche.search.query.SoucheSearchServiceImpl - search query for car_require: -USER_STRS:13811362999 AND SALEPRICE_L:([225000 TO 308000]) AND YEAR_I:([0 TO 10000]) AND BRAND_LEVEL_STR:luxury
2014-03-25 10:01:49,681 [http-10080-8] INFO  com.souche.search.query.SoucheSearchServiceImpl - search query for car_require: -USER_STRS:13811362999 AND SALEPRICE_L:([225000 TO 308000]) AND YEAR_I:([0 TO 10000]) AND BRAND_LEVEL_STR:luxury
2014-03-25 10:01:49,681 [http-10080-8] INFO  com.souche.search.query.SoucheSearchServiceImpl - search query for car_require: -USER_STRS:13811362999 AND SALEPRICE_L:([225000 TO 308000]) AND YEAR_I:([0 TO 10000]) AND BRAND_LEVEL_STR:luxury
2014-03-25 10:01:54,685 [http-10080-8] INFO  com.souche.search.query.SoucheSearchServiceImpl - search query for car_require: -USER_STRS:13811362999 AND SALEPRICE_L:([225000 TO 308000]) AND YEAR_I:([0 TO 10000]) AND BRAND_LEVEL_STR:luxury
2014-03-25 10:01:54,685 [http-10080-8] INFO  com.souche.search.query.SoucheSearchServiceImpl - search query for car_require: -USER_STRS:13811362999 AND SALEPRICE_L:([225000 TO 308000]) AND YEAR_I:([0 TO 10000]) AND BRAND_LEVEL_STR:luxury
2014-03-25 10:01:59,629 [http-10080-8] INFO  com.souche.search.query.SoucheSearchServiceImpl - search query for car_require: -USER_STRS:13811362999 AND SALEPRICE_L:([225000 TO 308000]) AND YEAR_I:([0 TO 10000]) AND BRAND_LEVEL_STR:luxury
2014-03-25 10:01:59,629 [http-10080-8] INFO  com.souche.search.query.SoucheSearchServiceImpl - search query for car_require: -USER_STRS:13811362999 AND SALEPRICE_L:([225000 TO 308000]) AND YEAR_I:([0 TO 10000]) AND BRAND_LEVEL_STR:luxury
2014-03-25 10:02:03,359 [http-10080-8] INFO  com.souche.search.query.SoucheSearchServiceImpl - search query for car_require: -USER_STRS:13811362999 AND SALEPRICE_L:([225000 TO 308000]) AND YEAR_I:([0 TO 10000]) AND BRAND_LEVEL_STR:luxury
2014-03-25 10:02:03,359 [http-10080-8] INFO  com.souche.search.query.SoucheSearchServiceImpl - search query for car_require: -USER_STRS:13811362999 AND SALEPRICE_L:([225000 TO 308000]) AND YEAR_I:([0 TO 10000]) AND BRAND_LEVEL_STR:luxury
2014-03-25 10:02:09,825 [http-10080-8] INFO  com.souche.search.query.SoucheSearchServiceImpl - search query for car_require: -USER_STRS:13811362999 AND SALEPRICE_L:([225000 TO 308000]) AND YEAR_I:([0 TO 10000]) AND BRAND_LEVEL_STR:luxury
2014-03-25 10:02:09,825 [http-10080-8] INFO  com.souche.search.query.SoucheSearchServiceImpl - search query for car_require: -USER_STRS:13811362999 AND SALEPRICE_L:([225000 TO 308000]) AND YEAR_I:([0 TO 10000]) AND BRAND_LEVEL_STR:luxury
2014-03-25 10:02:25,953 [http-10080-8] INFO  com.souche.search.query.SoucheSearchServiceImpl - search query for car_require: -USER_STRS:13811362999 AND SALEPRICE_L:([225000 TO 308000]) AND YEAR_I:([0 TO 10000]) AND BRAND_LEVEL_STR:luxury
2014-03-25 10:02:25,953 [http-10080-8] INFO  com.souche.search.query.SoucheSearchServiceImpl - search query for car_require: -USER_STRS:13811362999 AND SALEPRICE_L:([225000 TO 308000]) AND YEAR_I:([0 TO 10000]) AND BRAND_LEVEL_STR:luxury
2014-03-25 10:02:33,468 [http-10080-8] INFO  com.souche.search.query.SoucheSearchServiceImpl - search query for car_require: -USER_STRS:13811362999 AND SALEPRICE_L:([225000 TO 308000]) AND YEAR_I:([0 TO 10000]) AND BRAND_LEVEL_STR:luxury
2014-03-25 10:02:33,468 [http-10080-8] INFO  com.souche.search.query.SoucheSearchServiceImpl - search query for car_require: -USER_STRS:13811362999 AND SALEPRICE_L:([225000 TO 308000]) AND YEAR_I:([0 TO 10000]) AND BRAND_LEVEL_STR:luxury
2014-03-25 10:02:37,502 [http-10080-8] INFO  com.souche.search.query.SoucheSearchServiceImpl - search query for car_require: -USER_STRS:13811362999 AND SALEPRICE_L:([225000 TO 308000]) AND YEAR_I:([0 TO 10000]) AND BRAND_LEVEL_STR:luxury
2014-03-25 10:02:37,502 [http-10080-8] INFO  com.souche.search.query.SoucheSearchServiceImpl - search query for car_require: -USER_STRS:13811362999 AND SALEPRICE_L:([225000 TO 308000]) AND YEAR_I:([0 TO 10000]) AND BRAND_LEVEL_STR:luxury
2014-03-25 10:02:42,946 [http-10080-8] INFO  com.souche.search.query.SoucheSearchServiceImpl - search query for car_require: -USER_STRS:13811362999 AND SALEPRICE_L:([225000 TO 308000]) AND YEAR_I:([0 TO 10000]) AND BRAND_LEVEL_STR:luxury
2014-03-25 10:02:42,946 [http-10080-8] INFO  com.souche.search.query.SoucheSearchServiceImpl - search query for car_require: -USER_STRS:13811362999 AND SALEPRICE_L:([225000 TO 308000]) AND YEAR_I:([0 TO 10000]) AND BRAND_LEVEL_STR:luxury
2014-03-25 10:06:56,823 [http-10080-7] INFO  com.souche.search.query.SoucheSearchServiceImpl - search query for car_require: -USER_STRS:13811362999 AND SALEPRICE_L:([225000 TO 308000]) AND YEAR_I:([0 TO 10000]) AND BRAND_LEVEL_STR:luxury
2014-03-25 10:06:56,823 [http-10080-7] INFO  com.souche.search.query.SoucheSearchServiceImpl - search query for car_require: -USER_STRS:13811362999 AND SALEPRICE_L:([225000 TO 308000]) AND YEAR_I:([0 TO 10000]) AND BRAND_LEVEL_STR:luxury
2014-03-25 10:10:16,167 [http-10080-11] INFO  com.souche.search.query.SoucheSearchServiceImpl - search query for car_require: -USER_STRS:18005816453 AND BRAND_LEVEL_STR:luxury
2014-03-25 10:10:16,167 [http-10080-11] INFO  com.souche.search.query.SoucheSearchServiceImpl - search query for car_require: -USER_STRS:18005816453 AND BRAND_LEVEL_STR:luxury
2014-03-25 10:10:52,820 [http-10080-8] INFO  com.souche.service.shortlink.ShortLinkServiceImpl - short link id AKVmvfK generated for url http://www.souche.com/pages/mobile/my-list.html?user=18005816453
2014-03-25 10:11:48,128 [http-10080-12] INFO  com.souche.search.query.SoucheSearchServiceImpl - search query for car_require: -USER_STRS:18606606718 AND SALEPRICE_L:([0 TO 447700]) AND BRAND_LEVEL_STR:(common-joint OR luxury OR individual)
2014-03-25 10:11:48,128 [http-10080-12] INFO  com.souche.search.query.SoucheSearchServiceImpl - search query for car_require: -USER_STRS:18606606718 AND SALEPRICE_L:([0 TO 447700]) AND BRAND_LEVEL_STR:(common-joint OR luxury OR individual)
2014-03-25 10:11:56,862 [http-10080-8] INFO  com.souche.search.query.SoucheSearchServiceImpl - search query for car_require: -USER_STRS:18606606718 AND SALEPRICE_L:([0 TO 447700]) AND BRAND_LEVEL_STR:(common-joint OR luxury OR individual)
2014-03-25 10:11:56,862 [http-10080-8] INFO  com.souche.search.query.SoucheSearchServiceImpl - search query for car_require: -USER_STRS:18606606718 AND SALEPRICE_L:([0 TO 447700]) AND BRAND_LEVEL_STR:(common-joint OR luxury OR individual)
2014-03-25 10:12:00,456 [http-10080-8] INFO  com.souche.search.query.SoucheSearchServiceImpl - search query for car_require: -USER_STRS:18606606718 AND SALEPRICE_L:([0 TO 447700]) AND BRAND_LEVEL_STR:(common-joint OR individual OR luxury)
2014-03-25 10:12:00,456 [http-10080-8] INFO  com.souche.search.query.SoucheSearchServiceImpl - search query for car_require: -USER_STRS:18606606718 AND SALEPRICE_L:([0 TO 447700]) AND BRAND_LEVEL_STR:(common-joint OR individual OR luxury)
2014-03-25 10:12:02,917 [http-10080-8] INFO  com.souche.search.query.SoucheSearchServiceImpl - search query for car_require: -USER_STRS:18606606718 AND SALEPRICE_L:([0 TO 447700]) AND BRAND_LEVEL_STR:(common-joint OR individual OR luxury)
2014-03-25 10:12:02,917 [http-10080-8] INFO  com.souche.search.query.SoucheSearchServiceImpl - search query for car_require: -USER_STRS:18606606718 AND SALEPRICE_L:([0 TO 447700]) AND BRAND_LEVEL_STR:(common-joint OR individual OR luxury)
2014-03-25 10:12:05,095 [http-10080-8] INFO  com.souche.search.query.SoucheSearchServiceImpl - search query for car_require: -USER_STRS:18606606718 AND SALEPRICE_L:([0 TO 447700]) AND BRAND_LEVEL_STR:(common-joint OR individual OR luxury)
2014-03-25 10:12:05,095 [http-10080-8] INFO  com.souche.search.query.SoucheSearchServiceImpl - search query for car_require: -USER_STRS:18606606718 AND SALEPRICE_L:([0 TO 447700]) AND BRAND_LEVEL_STR:(common-joint OR individual OR luxury)
2014-03-25 10:12:07,320 [http-10080-8] INFO  com.souche.search.query.SoucheSearchServiceImpl - search query for car_require: -USER_STRS:18606606718 AND SALEPRICE_L:([0 TO 447700]) AND BRAND_LEVEL_STR:(common-joint OR individual OR luxury)
2014-03-25 10:12:07,320 [http-10080-8] INFO  com.souche.search.query.SoucheSearchServiceImpl - search query for car_require: -USER_STRS:18606606718 AND SALEPRICE_L:([0 TO 447700]) AND BRAND_LEVEL_STR:(common-joint OR individual OR luxury)
2014-03-25 10:12:09,507 [http-10080-8] INFO  com.souche.search.query.SoucheSearchServiceImpl - search query for car_require: -USER_STRS:18606606718 AND SALEPRICE_L:([0 TO 447700]) AND BRAND_LEVEL_STR:(common-joint OR individual OR luxury)
2014-03-25 10:12:09,507 [http-10080-8] INFO  com.souche.search.query.SoucheSearchServiceImpl - search query for car_require: -USER_STRS:18606606718 AND SALEPRICE_L:([0 TO 447700]) AND BRAND_LEVEL_STR:(common-joint OR individual OR luxury)
